2025-03-18 16:17:55 [main] INFO  EventDBRepository - Initializing EventDBRepository with properties: {jdbc.url=jdbc:sqlite:D:\Java programs\mpp-proiect-java-DianaGliga11\SwimingContest.db} 
2025-03-18 16:17:55 [main] INFO  UserDBRepository - Initializing UserDBRepository with properties: {jdbc.url=jdbc:sqlite:D:\Java programs\mpp-proiect-java-DianaGliga11\SwimingContest.db} 
2025-03-18 16:17:55 [main] INFO  ParticipantDBRepository - Initializing ParticipantDBRepository with properties: {jdbc.url=jdbc:sqlite:D:\Java programs\mpp-proiect-java-DianaGliga11\SwimingContest.db} 
2025-03-18 16:17:55 [main] INFO  OfficeDBRepository - Initializing OfficeDBRepository with properties: {jdbc.url=jdbc:sqlite:D:\Java programs\mpp-proiect-java-DianaGliga11\SwimingContest.db} 
2025-03-18 16:17:56 [main] INFO  JdbcUtils - trying to connect to database ... jdbc:sqlite:D:\Java programs\mpp-proiect-java-DianaGliga11\SwimingContest.db
2025-03-18 16:17:56 [main] INFO  JdbcUtils - user: null
2025-03-18 16:17:56 [main] INFO  JdbcUtils - pass: null
2025-03-18 16:17:56 [main] INFO  JdbcUtils - trying to connect to database ... jdbc:sqlite:D:\Java programs\mpp-proiect-java-DianaGliga11\SwimingContest.db
2025-03-18 16:17:56 [main] INFO  JdbcUtils - user: null
2025-03-18 16:17:56 [main] INFO  JdbcUtils - pass: null
2025-03-18 16:17:56 [main] INFO  JdbcUtils - trying to connect to database ... jdbc:sqlite:D:\Java programs\mpp-proiect-java-DianaGliga11\SwimingContest.db
2025-03-18 16:17:56 [main] INFO  JdbcUtils - user: null
2025-03-18 16:17:56 [main] INFO  JdbcUtils - pass: null
2025-03-18 16:17:56 [main] INFO  JdbcUtils - trying to connect to database ... jdbc:sqlite:D:\Java programs\mpp-proiect-java-DianaGliga11\SwimingContest.db
2025-03-18 16:17:56 [main] INFO  JdbcUtils - user: null
2025-03-18 16:17:56 [main] INFO  JdbcUtils - pass: null
2025-03-18 17:08:31 [main] INFO  EventDBRepository - Initializing EventDBRepository with properties: {jdbc.url=jdbc:sqlite:D:\Java programs\mpp-proiect-java-DianaGliga11\SwimingContest.db} 
2025-03-18 17:08:31 [main] INFO  UserDBRepository - Initializing UserDBRepository with properties: {jdbc.url=jdbc:sqlite:D:\Java programs\mpp-proiect-java-DianaGliga11\SwimingContest.db} 
2025-03-18 17:08:31 [main] INFO  ParticipantDBRepository - Initializing ParticipantDBRepository with properties: {jdbc.url=jdbc:sqlite:D:\Java programs\mpp-proiect-java-DianaGliga11\SwimingContest.db} 
2025-03-18 17:08:31 [main] INFO  OfficeDBRepository - Initializing OfficeDBRepository with properties: {jdbc.url=jdbc:sqlite:D:\Java programs\mpp-proiect-java-DianaGliga11\SwimingContest.db} 
2025-03-18 17:08:31 [main] INFO  JdbcUtils - trying to connect to database ... jdbc:sqlite:D:\Java programs\mpp-proiect-java-DianaGliga11\SwimingContest.db
2025-03-18 17:08:31 [main] INFO  JdbcUtils - user: null
2025-03-18 17:08:31 [main] INFO  JdbcUtils - pass: null
2025-03-18 17:08:32 [main] INFO  JdbcUtils - trying to connect to database ... jdbc:sqlite:D:\Java programs\mpp-proiect-java-DianaGliga11\SwimingContest.db
2025-03-18 17:08:32 [main] INFO  JdbcUtils - user: null
2025-03-18 17:08:32 [main] INFO  JdbcUtils - pass: null
2025-03-18 17:08:32 [main] INFO  JdbcUtils - trying to connect to database ... jdbc:sqlite:D:\Java programs\mpp-proiect-java-DianaGliga11\SwimingContest.db
2025-03-18 17:08:32 [main] INFO  JdbcUtils - user: null
2025-03-18 17:08:32 [main] INFO  JdbcUtils - pass: null
2025-03-18 17:08:32 [main] INFO  JdbcUtils - trying to connect to database ... jdbc:sqlite:D:\Java programs\mpp-proiect-java-DianaGliga11\SwimingContest.db
2025-03-18 17:08:32 [main] INFO  JdbcUtils - user: null
2025-03-18 17:08:32 [main] INFO  JdbcUtils - pass: null
2025-03-18 17:10:36 [main] INFO  EventDBRepository - Initializing EventDBRepository with properties: {jdbc.url=jdbc:sqlite:D:\Java programs\mpp-proiect-java-DianaGliga11\SwimingContest.db} 
2025-03-18 17:10:36 [main] INFO  UserDBRepository - Initializing UserDBRepository with properties: {jdbc.url=jdbc:sqlite:D:\Java programs\mpp-proiect-java-DianaGliga11\SwimingContest.db} 
2025-03-18 17:10:36 [main] INFO  ParticipantDBRepository - Initializing ParticipantDBRepository with properties: {jdbc.url=jdbc:sqlite:D:\Java programs\mpp-proiect-java-DianaGliga11\SwimingContest.db} 
2025-03-18 17:10:36 [main] INFO  OfficeDBRepository - Initializing OfficeDBRepository with properties: {jdbc.url=jdbc:sqlite:D:\Java programs\mpp-proiect-java-DianaGliga11\SwimingContest.db} 
2025-03-18 17:10:36 [main] INFO  JdbcUtils - trying to connect to database ... jdbc:sqlite:D:\Java programs\mpp-proiect-java-DianaGliga11\SwimingContest.db
2025-03-18 17:10:36 [main] INFO  JdbcUtils - user: null
2025-03-18 17:10:36 [main] INFO  JdbcUtils - pass: null
2025-03-18 17:10:36 [main] INFO  JdbcUtils - trying to connect to database ... jdbc:sqlite:D:\Java programs\mpp-proiect-java-DianaGliga11\SwimingContest.db
2025-03-18 17:10:36 [main] INFO  JdbcUtils - user: null
2025-03-18 17:10:36 [main] INFO  JdbcUtils - pass: null
2025-03-18 17:10:36 [main] INFO  JdbcUtils - trying to connect to database ... jdbc:sqlite:D:\Java programs\mpp-proiect-java-DianaGliga11\SwimingContest.db
2025-03-18 17:10:36 [main] INFO  JdbcUtils - user: null
2025-03-18 17:10:36 [main] INFO  JdbcUtils - pass: null
2025-03-18 17:10:36 [main] INFO  JdbcUtils - trying to connect to database ... jdbc:sqlite:D:\Java programs\mpp-proiect-java-DianaGliga11\SwimingContest.db
2025-03-18 17:10:36 [main] INFO  JdbcUtils - user: null
2025-03-18 17:10:36 [main] INFO  JdbcUtils - pass: null
